TN:
SF:src\components\single\Blockquote.vue
FN:3,_interopRequireDefault
FN:3,_classCallCheck
FN:3,_defineProperties
FN:3,_createClass
FN:3,_toPropertyKey
FN:3,_toPrimitive
FN:3,_inherits
FN:3,_setPrototypeOf
FN:3,_setPrototypeOf
FN:3,_createSuper
FN:3,_createSuperInternal
FN:3,_possibleConstructorReturn
FN:3,_assertThisInitialized
FN:3,_isNativeReflectConstruct
FN:3,_getPrototypeOf
FN:3,_getPrototypeOf
FNF:16
FNH:13
FNDA:2,_interopRequireDefault
FNDA:4,_classCallCheck
FNDA:1,_defineProperties
FNDA:1,_createClass
FNDA:3,_toPropertyKey
FNDA:3,_toPrimitive
FNDA:1,_inherits
FNDA:1,_setPrototypeOf
FNDA:0,_setPrototypeOf
FNDA:1,_createSuper
FNDA:4,_createSuperInternal
FNDA:4,_possibleConstructorReturn
FNDA:0,_assertThisInitialized
FNDA:1,_isNativeReflectConstruct
FNDA:1,_getPrototypeOf
FNDA:0,_getPrototypeOf
DA:1,1
DA:2,1
DA:3,0
DA:4,1
DA:5,1
DA:6,1
DA:7,1
DA:8,1
DA:9,1
DA:10,1
DA:11,1
DA:12,1
DA:13,1
DA:14,1
DA:15,1
DA:16,1
DA:17,1
DA:18,1
DA:19,1
DA:20,1
DA:21,1
DA:22,1
DA:23,1
DA:24,1
DA:25,1
DA:26,1
DA:27,1
DA:28,1
DA:29,1
DA:30,1
DA:31,1
DA:32,1
DA:33,1
DA:34,1
DA:35,1
DA:36,1
DA:37,1
DA:38,1
DA:39,1
DA:40,1
DA:41,1
DA:42,1
DA:43,1
DA:44,1
DA:45,1
DA:46,1
DA:47,1
DA:48,1
DA:49,1
DA:50,1
DA:51,1
DA:52,1
DA:53,1
DA:54,1
DA:55,1
DA:56,1
DA:57,1
DA:58,1
DA:59,1
DA:60,1
DA:61,1
DA:62,1
DA:63,1
DA:64,1
DA:65,1
DA:66,1
DA:67,1
DA:68,1
DA:69,1
DA:70,1
DA:71,1
DA:72,1
DA:73,1
DA:74,1
DA:75,1
DA:76,1
DA:77,1
DA:78,1
DA:79,1
DA:80,1
DA:81,1
DA:82,1
LF:82
LH:81
BRDA:3,0,0,2
BRDA:3,1,0,1
BRDA:3,2,0,1
BRDA:3,3,0,4
BRDA:3,4,0,0
BRDA:3,5,0,1
BRDA:3,6,0,3
BRDA:3,7,0,1
BRDA:3,8,0,1
BRDA:3,9,0,0
BRDA:3,10,0,3
BRDA:3,11,0,0
BRDA:3,12,0,3
BRDA:3,13,0,0
BRDA:3,14,0,0
BRDA:3,15,0,0
BRDA:3,16,0,1
BRDA:3,17,0,0
BRDA:3,18,0,0
BRDA:3,19,0,1
BRDA:3,20,0,0
BRDA:3,21,0,1
BRDA:3,22,0,4
BRDA:3,23,0,0
BRDA:3,24,0,4
BRDA:3,25,0,0
BRDA:3,26,0,0
BRDA:3,27,0,1
BRDA:3,28,0,0
BRDA:3,29,0,0
BRDA:3,30,0,0
BRDA:3,31,0,1
BRDA:3,32,0,0
BRDA:22,33,0,1
BRF:34
BRH:18
end_of_record
TN:
SF:src\components\single\Caption.vue
FN:3,_interopRequireDefault
FN:3,_classCallCheck
FN:3,_defineProperties
FN:3,_createClass
FN:3,_toPropertyKey
FN:3,_toPrimitive
FN:3,_inherits
FN:3,_setPrototypeOf
FN:3,_setPrototypeOf
FN:3,_createSuper
FN:3,_createSuperInternal
FN:3,_possibleConstructorReturn
FN:3,_assertThisInitialized
FN:3,_isNativeReflectConstruct
FN:3,_getPrototypeOf
FN:3,_getPrototypeOf
FNF:16
FNH:13
FNDA:2,_interopRequireDefault
FNDA:1,_classCallCheck
FNDA:1,_defineProperties
FNDA:1,_createClass
FNDA:14,_toPropertyKey
FNDA:14,_toPrimitive
FNDA:1,_inherits
FNDA:1,_setPrototypeOf
FNDA:0,_setPrototypeOf
FNDA:1,_createSuper
FNDA:1,_createSuperInternal
FNDA:1,_possibleConstructorReturn
FNDA:0,_assertThisInitialized
FNDA:1,_isNativeReflectConstruct
FNDA:1,_getPrototypeOf
FNDA:0,_getPrototypeOf
DA:1,1
DA:2,1
DA:3,0
DA:4,1
DA:5,1
DA:6,1
DA:7,1
DA:8,1
DA:9,1
DA:10,1
DA:11,1
DA:12,1
DA:13,1
DA:14,1
DA:15,1
DA:16,1
DA:17,1
DA:18,1
DA:19,1
DA:20,1
DA:21,1
DA:22,1
DA:23,1
DA:24,1
DA:25,1
DA:26,1
DA:27,1
DA:28,1
DA:29,1
DA:30,1
DA:31,1
DA:32,1
DA:33,1
DA:34,1
DA:35,1
DA:36,1
DA:37,1
DA:38,1
DA:39,1
DA:40,1
DA:41,1
DA:42,1
DA:43,1
DA:44,1
DA:45,1
DA:46,1
DA:47,1
DA:48,1
DA:49,1
DA:50,1
DA:51,1
DA:52,1
DA:53,1
DA:54,1
DA:55,1
DA:56,1
DA:57,1
DA:58,1
DA:59,1
DA:60,1
DA:61,1
DA:62,1
DA:63,1
DA:64,1
DA:65,1
DA:66,1
DA:67,1
DA:68,1
DA:69,1
DA:70,1
DA:71,1
DA:72,1
DA:73,1
DA:74,1
DA:75,1
DA:76,1
DA:77,1
DA:78,1
DA:79,1
DA:80,1
DA:81,1
DA:82,1
DA:83,1
DA:84,1
DA:85,1
DA:86,1
DA:87,1
DA:88,1
DA:89,1
DA:90,1
DA:91,1
DA:92,1
DA:93,1
DA:94,1
DA:95,1
DA:96,1
DA:97,1
DA:98,1
DA:99,1
DA:100,1
DA:101,1
DA:102,1
DA:103,1
DA:104,1
DA:105,1
DA:106,1
DA:107,1
DA:108,1
DA:109,1
DA:110,1
DA:111,1
DA:112,1
DA:113,1
DA:114,1
DA:115,1
DA:116,1
DA:117,1
DA:118,1
DA:119,1
DA:120,1
DA:121,1
DA:122,1
DA:123,1
DA:124,1
DA:125,1
DA:126,1
DA:127,1
DA:128,1
DA:129,1
DA:130,1
DA:131,1
DA:132,1
DA:133,1
DA:134,1
DA:135,1
DA:136,1
DA:137,1
DA:138,1
DA:139,1
DA:140,1
DA:141,1
DA:142,1
DA:143,1
DA:144,1
DA:145,1
DA:146,1
DA:147,1
DA:148,1
DA:149,1
DA:150,1
DA:151,1
DA:152,1
DA:153,1
DA:154,1
DA:155,1
DA:156,1
DA:157,1
DA:158,1
DA:159,1
DA:160,1
DA:161,1
DA:162,1
DA:163,1
DA:164,1
DA:165,1
DA:166,1
DA:167,1
DA:168,1
DA:169,1
DA:170,1
DA:171,1
DA:172,1
DA:173,1
DA:174,1
DA:175,1
DA:176,1
DA:177,1
DA:178,1
DA:179,1
DA:180,1
DA:181,1
DA:182,1
DA:183,1
DA:184,1
DA:185,1
DA:186,1
DA:187,1
DA:188,1
DA:189,1
DA:190,1
DA:191,1
DA:192,1
DA:193,1
DA:194,1
DA:195,1
DA:196,1
DA:197,1
DA:198,1
DA:199,1
DA:200,1
DA:201,1
DA:202,1
DA:203,1
DA:204,1
DA:205,1
DA:206,1
DA:207,1
DA:208,1
LF:208
LH:207
BRDA:3,0,0,2
BRDA:3,1,0,1
BRDA:3,2,0,1
BRDA:3,3,0,1
BRDA:3,4,0,0
BRDA:3,5,0,1
BRDA:3,6,0,14
BRDA:3,7,0,1
BRDA:3,8,0,1
BRDA:3,9,0,0
BRDA:3,10,0,14
BRDA:3,11,0,0
BRDA:3,12,0,14
BRDA:3,13,0,0
BRDA:3,14,0,0
BRDA:3,15,0,0
BRDA:3,16,0,1
BRDA:3,17,0,0
BRDA:3,18,0,0
BRDA:3,19,0,1
BRDA:3,20,0,0
BRDA:3,21,0,1
BRDA:3,22,0,1
BRDA:3,23,0,0
BRDA:3,24,0,1
BRDA:3,25,0,0
BRDA:3,26,0,0
BRDA:3,27,0,1
BRDA:3,28,0,0
BRDA:3,29,0,0
BRDA:3,30,0,0
BRDA:3,31,0,1
BRDA:3,32,0,0
BRDA:29,33,0,1
BRF:34
BRH:18
end_of_record
TN:
SF:src\components\single\Credits.vue
FN:3,_interopRequireDefault
FN:3,_classCallCheck
FN:3,_defineProperties
FN:3,_createClass
FN:3,_toPropertyKey
FN:3,_toPrimitive
FN:3,_inherits
FN:3,_setPrototypeOf
FN:3,_setPrototypeOf
FN:3,_createSuper
FN:3,_createSuperInternal
FN:3,_possibleConstructorReturn
FN:3,_assertThisInitialized
FN:3,_isNativeReflectConstruct
FN:3,_getPrototypeOf
FN:3,_getPrototypeOf
FNF:16
FNH:13
FNDA:2,_interopRequireDefault
FNDA:1,_classCallCheck
FNDA:1,_defineProperties
FNDA:1,_createClass
FNDA:3,_toPropertyKey
FNDA:3,_toPrimitive
FNDA:1,_inherits
FNDA:1,_setPrototypeOf
FNDA:0,_setPrototypeOf
FNDA:1,_createSuper
FNDA:1,_createSuperInternal
FNDA:1,_possibleConstructorReturn
FNDA:0,_assertThisInitialized
FNDA:1,_isNativeReflectConstruct
FNDA:1,_getPrototypeOf
FNDA:0,_getPrototypeOf
DA:1,1
DA:2,1
DA:3,0
DA:4,1
DA:5,1
DA:6,1
DA:7,1
DA:8,1
DA:9,1
DA:10,1
DA:11,1
DA:12,1
DA:13,1
DA:14,1
DA:15,1
DA:16,1
DA:17,1
DA:18,1
DA:19,1
DA:20,1
DA:21,1
DA:22,1
DA:23,1
DA:24,1
DA:25,1
DA:26,1
DA:27,1
DA:28,1
DA:29,1
DA:30,1
DA:31,1
DA:32,1
DA:33,1
DA:34,1
DA:35,1
DA:36,1
DA:37,1
DA:38,1
DA:39,1
DA:40,1
DA:41,1
DA:42,1
DA:43,1
DA:44,1
DA:45,1
DA:46,1
DA:47,1
DA:48,1
DA:49,1
DA:50,1
DA:51,1
DA:52,1
DA:53,1
DA:54,1
DA:55,1
DA:56,1
DA:57,1
DA:58,1
DA:59,1
DA:60,1
DA:61,1
DA:62,1
DA:63,1
DA:64,1
DA:65,1
DA:66,1
DA:67,1
DA:68,1
DA:69,1
DA:70,1
DA:71,1
DA:72,1
DA:73,1
DA:74,1
DA:75,1
DA:76,1
DA:77,1
DA:78,1
DA:79,1
DA:80,1
DA:81,1
DA:82,1
DA:83,1
DA:84,1
DA:85,1
DA:86,1
DA:87,1
DA:88,1
DA:89,1
DA:90,1
DA:91,1
DA:92,1
DA:93,1
DA:94,1
DA:95,1
DA:96,1
DA:97,1
DA:98,1
DA:99,1
DA:100,1
DA:101,1
DA:102,1
DA:103,1
DA:104,1
DA:105,1
DA:106,1
DA:107,1
DA:108,1
LF:108
LH:107
BRDA:3,0,0,2
BRDA:3,1,0,1
BRDA:3,2,0,1
BRDA:3,3,0,1
BRDA:3,4,0,0
BRDA:3,5,0,1
BRDA:3,6,0,3
BRDA:3,7,0,1
BRDA:3,8,0,1
BRDA:3,9,0,0
BRDA:3,10,0,3
BRDA:3,11,0,0
BRDA:3,12,0,3
BRDA:3,13,0,0
BRDA:3,14,0,0
BRDA:3,15,0,0
BRDA:3,16,0,1
BRDA:3,17,0,0
BRDA:3,18,0,0
BRDA:3,19,0,1
BRDA:3,20,0,0
BRDA:3,21,0,1
BRDA:3,22,0,1
BRDA:3,23,0,0
BRDA:3,24,0,1
BRDA:3,25,0,0
BRDA:3,26,0,0
BRDA:3,27,0,1
BRDA:3,28,0,0
BRDA:3,29,0,0
BRDA:3,30,0,0
BRDA:3,31,0,1
BRDA:3,32,0,0
BRDA:28,33,0,1
BRF:34
BRH:18
end_of_record
TN:
SF:src\components\single\Excerpt.vue
FN:3,_interopRequireDefault
FN:3,_classCallCheck
FN:3,_defineProperties
FN:3,_createClass
FN:3,_toPropertyKey
FN:3,_toPrimitive
FN:3,_inherits
FN:3,_setPrototypeOf
FN:3,_setPrototypeOf
FN:3,_createSuper
FN:3,_createSuperInternal
FN:3,_possibleConstructorReturn
FN:3,_assertThisInitialized
FN:3,_isNativeReflectConstruct
FN:3,_getPrototypeOf
FN:3,_getPrototypeOf
FNF:16
FNH:13
FNDA:2,_interopRequireDefault
FNDA:1,_classCallCheck
FNDA:1,_defineProperties
FNDA:1,_createClass
FNDA:1,_toPropertyKey
FNDA:1,_toPrimitive
FNDA:1,_inherits
FNDA:1,_setPrototypeOf
FNDA:0,_setPrototypeOf
FNDA:1,_createSuper
FNDA:1,_createSuperInternal
FNDA:1,_possibleConstructorReturn
FNDA:0,_assertThisInitialized
FNDA:1,_isNativeReflectConstruct
FNDA:1,_getPrototypeOf
FNDA:0,_getPrototypeOf
DA:1,1
DA:2,1
DA:3,0
DA:4,1
DA:5,1
DA:6,1
DA:7,1
DA:8,1
DA:9,1
DA:10,1
DA:11,1
DA:12,1
DA:13,1
DA:14,1
DA:15,1
DA:16,1
DA:17,1
DA:18,1
DA:19,1
DA:20,1
DA:21,1
DA:22,1
DA:23,1
LF:23
LH:22
BRDA:3,0,0,2
BRDA:3,1,0,1
BRDA:3,2,0,1
BRDA:3,3,0,1
BRDA:3,4,0,0
BRDA:3,5,0,1
BRDA:3,6,0,1
BRDA:3,7,0,0
BRDA:3,8,0,1
BRDA:3,9,0,0
BRDA:3,10,0,1
BRDA:3,11,0,0
BRDA:3,12,0,0
BRDA:3,13,0,0
BRDA:3,14,0,1
BRDA:3,15,0,0
BRDA:3,16,0,0
BRDA:3,17,0,1
BRDA:3,18,0,0
BRDA:3,19,0,1
BRDA:3,20,0,1
BRDA:3,21,0,0
BRDA:3,22,0,1
BRDA:3,23,0,0
BRDA:3,24,0,0
BRDA:3,25,0,1
BRDA:3,26,0,0
BRDA:3,27,0,0
BRDA:3,28,0,0
BRDA:3,29,0,1
BRDA:3,30,0,0
BRDA:6,31,0,1
BRF:32
BRH:16
end_of_record
TN:
SF:src\components\single\H1.vue
FN:3,_interopRequireDefault
FN:3,_classCallCheck
FN:3,_defineProperties
FN:3,_createClass
FN:3,_toPropertyKey
FN:3,_toPrimitive
FN:3,_inherits
FN:3,_setPrototypeOf
FN:3,_setPrototypeOf
FN:3,_createSuper
FN:3,_createSuperInternal
FN:3,_possibleConstructorReturn
FN:3,_assertThisInitialized
FN:3,_isNativeReflectConstruct
FN:3,_getPrototypeOf
FN:3,_getPrototypeOf
FNF:16
FNH:13
FNDA:2,_interopRequireDefault
FNDA:1,_classCallCheck
FNDA:1,_defineProperties
FNDA:1,_createClass
FNDA:2,_toPropertyKey
FNDA:2,_toPrimitive
FNDA:1,_inherits
FNDA:1,_setPrototypeOf
FNDA:0,_setPrototypeOf
FNDA:1,_createSuper
FNDA:1,_createSuperInternal
FNDA:1,_possibleConstructorReturn
FNDA:0,_assertThisInitialized
FNDA:1,_isNativeReflectConstruct
FNDA:1,_getPrototypeOf
FNDA:0,_getPrototypeOf
DA:1,1
DA:2,1
DA:3,0
DA:4,1
DA:5,1
DA:6,1
DA:7,1
DA:8,1
DA:9,1
DA:10,1
DA:11,1
DA:12,1
DA:13,1
DA:14,1
DA:15,1
DA:16,1
DA:17,1
DA:18,1
DA:19,1
DA:20,1
DA:21,1
DA:22,1
DA:23,1
DA:24,1
DA:25,1
DA:26,1
DA:27,1
DA:28,1
DA:29,1
DA:30,1
DA:31,1
DA:32,1
DA:33,1
DA:34,1
DA:35,1
DA:36,1
DA:37,1
DA:38,1
DA:39,1
DA:40,1
LF:40
LH:39
BRDA:3,0,0,2
BRDA:3,1,0,1
BRDA:3,2,0,1
BRDA:3,3,0,1
BRDA:3,4,0,0
BRDA:3,5,0,1
BRDA:3,6,0,2
BRDA:3,7,0,1
BRDA:3,8,0,1
BRDA:3,9,0,0
BRDA:3,10,0,2
BRDA:3,11,0,0
BRDA:3,12,0,2
BRDA:3,13,0,0
BRDA:3,14,0,0
BRDA:3,15,0,0
BRDA:3,16,0,1
BRDA:3,17,0,0
BRDA:3,18,0,0
BRDA:3,19,0,1
BRDA:3,20,0,0
BRDA:3,21,0,1
BRDA:3,22,0,1
BRDA:3,23,0,0
BRDA:3,24,0,1
BRDA:3,25,0,0
BRDA:3,26,0,0
BRDA:3,27,0,1
BRDA:3,28,0,0
BRDA:3,29,0,0
BRDA:3,30,0,0
BRDA:3,31,0,1
BRDA:3,32,0,0
BRDA:15,33,0,1
BRF:34
BRH:18
end_of_record
TN:
SF:src\components\single\H2.vue
FN:3,_interopRequireDefault
FN:3,_classCallCheck
FN:3,_defineProperties
FN:3,_createClass
FN:3,_toPropertyKey
FN:3,_toPrimitive
FN:3,_inherits
FN:3,_setPrototypeOf
FN:3,_setPrototypeOf
FN:3,_createSuper
FN:3,_createSuperInternal
FN:3,_possibleConstructorReturn
FN:3,_assertThisInitialized
FN:3,_isNativeReflectConstruct
FN:3,_getPrototypeOf
FN:3,_getPrototypeOf
FNF:16
FNH:13
FNDA:2,_interopRequireDefault
FNDA:1,_classCallCheck
FNDA:1,_defineProperties
FNDA:1,_createClass
FNDA:2,_toPropertyKey
FNDA:2,_toPrimitive
FNDA:1,_inherits
FNDA:1,_setPrototypeOf
FNDA:0,_setPrototypeOf
FNDA:1,_createSuper
FNDA:1,_createSuperInternal
FNDA:1,_possibleConstructorReturn
FNDA:0,_assertThisInitialized
FNDA:1,_isNativeReflectConstruct
FNDA:1,_getPrototypeOf
FNDA:0,_getPrototypeOf
DA:1,1
DA:2,1
DA:3,0
DA:4,1
DA:5,1
DA:6,1
DA:7,1
DA:8,1
DA:9,1
DA:10,1
DA:11,1
DA:12,1
DA:13,1
DA:14,1
DA:15,1
DA:16,1
DA:17,1
DA:18,1
DA:19,1
DA:20,1
DA:21,1
DA:22,1
DA:23,1
DA:24,1
DA:25,1
DA:26,1
DA:27,1
DA:28,1
DA:29,1
DA:30,1
DA:31,1
DA:32,1
DA:33,1
DA:34,1
DA:35,1
DA:36,1
DA:37,1
DA:38,1
DA:39,1
DA:40,1
LF:40
LH:39
BRDA:3,0,0,2
BRDA:3,1,0,1
BRDA:3,2,0,1
BRDA:3,3,0,1
BRDA:3,4,0,0
BRDA:3,5,0,1
BRDA:3,6,0,2
BRDA:3,7,0,1
BRDA:3,8,0,1
BRDA:3,9,0,0
BRDA:3,10,0,2
BRDA:3,11,0,0
BRDA:3,12,0,2
BRDA:3,13,0,0
BRDA:3,14,0,0
BRDA:3,15,0,0
BRDA:3,16,0,1
BRDA:3,17,0,0
BRDA:3,18,0,0
BRDA:3,19,0,1
BRDA:3,20,0,0
BRDA:3,21,0,1
BRDA:3,22,0,1
BRDA:3,23,0,0
BRDA:3,24,0,1
BRDA:3,25,0,0
BRDA:3,26,0,0
BRDA:3,27,0,1
BRDA:3,28,0,0
BRDA:3,29,0,0
BRDA:3,30,0,0
BRDA:3,31,0,1
BRDA:3,32,0,0
BRDA:15,33,0,1
BRF:34
BRH:18
end_of_record
TN:
SF:src\components\single\H3.vue
FN:3,_interopRequireDefault
FN:3,_classCallCheck
FN:3,_defineProperties
FN:3,_createClass
FN:3,_toPropertyKey
FN:3,_toPrimitive
FN:3,_inherits
FN:3,_setPrototypeOf
FN:3,_setPrototypeOf
FN:3,_createSuper
FN:3,_createSuperInternal
FN:3,_possibleConstructorReturn
FN:3,_assertThisInitialized
FN:3,_isNativeReflectConstruct
FN:3,_getPrototypeOf
FN:3,_getPrototypeOf
FNF:16
FNH:13
FNDA:2,_interopRequireDefault
FNDA:1,_classCallCheck
FNDA:1,_defineProperties
FNDA:1,_createClass
FNDA:2,_toPropertyKey
FNDA:2,_toPrimitive
FNDA:1,_inherits
FNDA:1,_setPrototypeOf
FNDA:0,_setPrototypeOf
FNDA:1,_createSuper
FNDA:1,_createSuperInternal
FNDA:1,_possibleConstructorReturn
FNDA:0,_assertThisInitialized
FNDA:1,_isNativeReflectConstruct
FNDA:1,_getPrototypeOf
FNDA:0,_getPrototypeOf
DA:1,1
DA:2,1
DA:3,0
DA:4,1
DA:5,1
DA:6,1
DA:7,1
DA:8,1
DA:9,1
DA:10,1
DA:11,1
DA:12,1
DA:13,1
DA:14,1
DA:15,1
DA:16,1
DA:17,1
DA:18,1
DA:19,1
DA:20,1
DA:21,1
DA:22,1
DA:23,1
DA:24,1
DA:25,1
DA:26,1
DA:27,1
DA:28,1
DA:29,1
DA:30,1
DA:31,1
DA:32,1
DA:33,1
DA:34,1
DA:35,1
DA:36,1
DA:37,1
DA:38,1
DA:39,1
DA:40,1
DA:41,1
DA:42,1
LF:42
LH:41
BRDA:3,0,0,2
BRDA:3,1,0,1
BRDA:3,2,0,1
BRDA:3,3,0,1
BRDA:3,4,0,0
BRDA:3,5,0,1
BRDA:3,6,0,2
BRDA:3,7,0,1
BRDA:3,8,0,1
BRDA:3,9,0,0
BRDA:3,10,0,2
BRDA:3,11,0,0
BRDA:3,12,0,2
BRDA:3,13,0,0
BRDA:3,14,0,0
BRDA:3,15,0,0
BRDA:3,16,0,1
BRDA:3,17,0,0
BRDA:3,18,0,0
BRDA:3,19,0,1
BRDA:3,20,0,0
BRDA:3,21,0,1
BRDA:3,22,0,1
BRDA:3,23,0,0
BRDA:3,24,0,1
BRDA:3,25,0,0
BRDA:3,26,0,0
BRDA:3,27,0,1
BRDA:3,28,0,0
BRDA:3,29,0,0
BRDA:3,30,0,0
BRDA:3,31,0,1
BRDA:3,32,0,0
BRDA:15,33,0,1
BRF:34
BRH:18
end_of_record
TN:
SF:src\components\single\H4.vue
FN:3,_interopRequireDefault
FN:3,_classCallCheck
FN:3,_defineProperties
FN:3,_createClass
FN:3,_toPropertyKey
FN:3,_toPrimitive
FN:3,_inherits
FN:3,_setPrototypeOf
FN:3,_setPrototypeOf
FN:3,_createSuper
FN:3,_createSuperInternal
FN:3,_possibleConstructorReturn
FN:3,_assertThisInitialized
FN:3,_isNativeReflectConstruct
FN:3,_getPrototypeOf
FN:3,_getPrototypeOf
FNF:16
FNH:13
FNDA:2,_interopRequireDefault
FNDA:1,_classCallCheck
FNDA:1,_defineProperties
FNDA:1,_createClass
FNDA:2,_toPropertyKey
FNDA:2,_toPrimitive
FNDA:1,_inherits
FNDA:1,_setPrototypeOf
FNDA:0,_setPrototypeOf
FNDA:1,_createSuper
FNDA:1,_createSuperInternal
FNDA:1,_possibleConstructorReturn
FNDA:0,_assertThisInitialized
FNDA:1,_isNativeReflectConstruct
FNDA:1,_getPrototypeOf
FNDA:0,_getPrototypeOf
DA:1,1
DA:2,1
DA:3,0
DA:4,1
DA:5,1
DA:6,1
DA:7,1
DA:8,1
DA:9,1
DA:10,1
DA:11,1
DA:12,1
DA:13,1
DA:14,1
DA:15,1
DA:16,1
DA:17,1
DA:18,1
DA:19,1
DA:20,1
DA:21,1
DA:22,1
DA:23,1
DA:24,1
DA:25,1
DA:26,1
DA:27,1
DA:28,1
DA:29,1
DA:30,1
DA:31,1
DA:32,1
DA:33,1
DA:34,1
DA:35,1
DA:36,1
DA:37,1
DA:38,1
DA:39,1
DA:40,1
LF:40
LH:39
BRDA:3,0,0,2
BRDA:3,1,0,1
BRDA:3,2,0,1
BRDA:3,3,0,1
BRDA:3,4,0,0
BRDA:3,5,0,1
BRDA:3,6,0,2
BRDA:3,7,0,1
BRDA:3,8,0,1
BRDA:3,9,0,0
BRDA:3,10,0,2
BRDA:3,11,0,0
BRDA:3,12,0,2
BRDA:3,13,0,0
BRDA:3,14,0,0
BRDA:3,15,0,0
BRDA:3,16,0,1
BRDA:3,17,0,0
BRDA:3,18,0,0
BRDA:3,19,0,1
BRDA:3,20,0,0
BRDA:3,21,0,1
BRDA:3,22,0,1
BRDA:3,23,0,0
BRDA:3,24,0,1
BRDA:3,25,0,0
BRDA:3,26,0,0
BRDA:3,27,0,1
BRDA:3,28,0,0
BRDA:3,29,0,0
BRDA:3,30,0,0
BRDA:3,31,0,1
BRDA:3,32,0,0
BRDA:15,33,0,1
BRF:34
BRH:18
end_of_record
TN:
SF:src\components\single\H5.vue
FN:3,_interopRequireDefault
FN:3,_classCallCheck
FN:3,_defineProperties
FN:3,_createClass
FN:3,_toPropertyKey
FN:3,_toPrimitive
FN:3,_inherits
FN:3,_setPrototypeOf
FN:3,_setPrototypeOf
FN:3,_createSuper
FN:3,_createSuperInternal
FN:3,_possibleConstructorReturn
FN:3,_assertThisInitialized
FN:3,_isNativeReflectConstruct
FN:3,_getPrototypeOf
FN:3,_getPrototypeOf
FNF:16
FNH:13
FNDA:2,_interopRequireDefault
FNDA:1,_classCallCheck
FNDA:1,_defineProperties
FNDA:1,_createClass
FNDA:2,_toPropertyKey
FNDA:2,_toPrimitive
FNDA:1,_inherits
FNDA:1,_setPrototypeOf
FNDA:0,_setPrototypeOf
FNDA:1,_createSuper
FNDA:1,_createSuperInternal
FNDA:1,_possibleConstructorReturn
FNDA:0,_assertThisInitialized
FNDA:1,_isNativeReflectConstruct
FNDA:1,_getPrototypeOf
FNDA:0,_getPrototypeOf
DA:1,1
DA:2,1
DA:3,0
DA:4,1
DA:5,1
DA:6,1
DA:7,1
DA:8,1
DA:9,1
DA:10,1
DA:11,1
DA:12,1
DA:13,1
DA:14,1
DA:15,1
DA:16,1
DA:17,1
DA:18,1
DA:19,1
DA:20,1
DA:21,1
DA:22,1
DA:23,1
DA:24,1
DA:25,1
DA:26,1
DA:27,1
DA:28,1
DA:29,1
DA:30,1
DA:31,1
DA:32,1
DA:33,1
DA:34,1
DA:35,1
DA:36,1
DA:37,1
DA:38,1
DA:39,1
DA:40,1
LF:40
LH:39
BRDA:3,0,0,2
BRDA:3,1,0,1
BRDA:3,2,0,1
BRDA:3,3,0,1
BRDA:3,4,0,0
BRDA:3,5,0,1
BRDA:3,6,0,2
BRDA:3,7,0,1
BRDA:3,8,0,1
BRDA:3,9,0,0
BRDA:3,10,0,2
BRDA:3,11,0,0
BRDA:3,12,0,2
BRDA:3,13,0,0
BRDA:3,14,0,0
BRDA:3,15,0,0
BRDA:3,16,0,1
BRDA:3,17,0,0
BRDA:3,18,0,0
BRDA:3,19,0,1
BRDA:3,20,0,0
BRDA:3,21,0,1
BRDA:3,22,0,1
BRDA:3,23,0,0
BRDA:3,24,0,1
BRDA:3,25,0,0
BRDA:3,26,0,0
BRDA:3,27,0,1
BRDA:3,28,0,0
BRDA:3,29,0,0
BRDA:3,30,0,0
BRDA:3,31,0,1
BRDA:3,32,0,0
BRDA:15,33,0,1
BRF:34
BRH:18
end_of_record
TN:
SF:src\components\single\H6.vue
FN:3,_interopRequireDefault
FN:3,_classCallCheck
FN:3,_defineProperties
FN:3,_createClass
FN:3,_toPropertyKey
FN:3,_toPrimitive
FN:3,_inherits
FN:3,_setPrototypeOf
FN:3,_setPrototypeOf
FN:3,_createSuper
FN:3,_createSuperInternal
FN:3,_possibleConstructorReturn
FN:3,_assertThisInitialized
FN:3,_isNativeReflectConstruct
FN:3,_getPrototypeOf
FN:3,_getPrototypeOf
FNF:16
FNH:13
FNDA:2,_interopRequireDefault
FNDA:1,_classCallCheck
FNDA:1,_defineProperties
FNDA:1,_createClass
FNDA:2,_toPropertyKey
FNDA:2,_toPrimitive
FNDA:1,_inherits
FNDA:1,_setPrototypeOf
FNDA:0,_setPrototypeOf
FNDA:1,_createSuper
FNDA:1,_createSuperInternal
FNDA:1,_possibleConstructorReturn
FNDA:0,_assertThisInitialized
FNDA:1,_isNativeReflectConstruct
FNDA:1,_getPrototypeOf
FNDA:0,_getPrototypeOf
DA:1,1
DA:2,1
DA:3,0
DA:4,1
DA:5,1
DA:6,1
DA:7,1
DA:8,1
DA:9,1
DA:10,1
DA:11,1
DA:12,1
DA:13,1
DA:14,1
DA:15,1
DA:16,1
DA:17,1
DA:18,1
DA:19,1
DA:20,1
DA:21,1
DA:22,1
DA:23,1
DA:24,1
DA:25,1
DA:26,1
DA:27,1
DA:28,1
DA:29,1
DA:30,1
DA:31,1
DA:32,1
DA:33,1
DA:34,1
DA:35,1
DA:36,1
DA:37,1
DA:38,1
DA:39,1
DA:40,1
LF:40
LH:39
BRDA:3,0,0,2
BRDA:3,1,0,1
BRDA:3,2,0,1
BRDA:3,3,0,1
BRDA:3,4,0,0
BRDA:3,5,0,1
BRDA:3,6,0,2
BRDA:3,7,0,1
BRDA:3,8,0,1
BRDA:3,9,0,0
BRDA:3,10,0,2
BRDA:3,11,0,0
BRDA:3,12,0,2
BRDA:3,13,0,0
BRDA:3,14,0,0
BRDA:3,15,0,0
BRDA:3,16,0,1
BRDA:3,17,0,0
BRDA:3,18,0,0
BRDA:3,19,0,1
BRDA:3,20,0,0
BRDA:3,21,0,1
BRDA:3,22,0,1
BRDA:3,23,0,0
BRDA:3,24,0,1
BRDA:3,25,0,0
BRDA:3,26,0,0
BRDA:3,27,0,1
BRDA:3,28,0,0
BRDA:3,29,0,0
BRDA:3,30,0,0
BRDA:3,31,0,1
BRDA:3,32,0,0
BRDA:15,33,0,1
BRF:34
BRH:18
end_of_record
TN:
SF:src\components\single\Image.vue
FN:3,_interopRequireDefault
FN:3,_classCallCheck
FN:3,_defineProperties
FN:3,_createClass
FN:3,_toPropertyKey
FN:3,_toPrimitive
FN:3,_inherits
FN:3,_setPrototypeOf
FN:3,_setPrototypeOf
FN:3,_createSuper
FN:3,_createSuperInternal
FN:3,_possibleConstructorReturn
FN:3,_assertThisInitialized
FN:3,_isNativeReflectConstruct
FN:3,_getPrototypeOf
FN:3,_getPrototypeOf
FNF:16
FNH:13
FNDA:2,_interopRequireDefault
FNDA:1,_classCallCheck
FNDA:1,_defineProperties
FNDA:1,_createClass
FNDA:9,_toPropertyKey
FNDA:9,_toPrimitive
FNDA:1,_inherits
FNDA:1,_setPrototypeOf
FNDA:0,_setPrototypeOf
FNDA:1,_createSuper
FNDA:1,_createSuperInternal
FNDA:1,_possibleConstructorReturn
FNDA:0,_assertThisInitialized
FNDA:1,_isNativeReflectConstruct
FNDA:1,_getPrototypeOf
FNDA:0,_getPrototypeOf
DA:1,1
DA:2,1
DA:3,0
DA:4,1
DA:5,1
DA:6,1
DA:7,1
DA:8,1
DA:9,1
DA:10,1
DA:11,1
DA:12,1
DA:13,1
DA:14,1
DA:15,1
DA:16,1
DA:17,1
DA:18,1
DA:19,1
DA:20,1
DA:21,1
DA:22,1
DA:23,1
DA:24,1
DA:25,1
DA:26,1
DA:27,1
DA:28,1
DA:29,1
DA:30,1
DA:31,1
DA:32,1
DA:33,1
DA:34,1
DA:35,1
DA:36,1
DA:37,1
DA:38,1
DA:39,1
DA:40,1
DA:41,1
DA:42,1
DA:43,1
DA:44,1
DA:45,1
DA:46,1
DA:47,1
DA:48,1
DA:49,1
DA:50,1
DA:51,1
DA:52,1
DA:53,1
DA:54,1
DA:55,1
DA:56,1
DA:57,1
DA:58,1
DA:59,1
DA:60,1
DA:61,1
DA:62,1
DA:63,1
DA:64,1
DA:65,1
DA:66,1
DA:67,1
DA:68,1
DA:69,1
DA:70,1
DA:71,1
DA:72,1
DA:73,1
DA:74,1
DA:75,1
DA:76,1
DA:77,1
DA:78,1
DA:79,1
DA:80,1
DA:81,1
DA:82,1
DA:83,1
DA:84,1
DA:85,1
DA:86,1
DA:87,1
DA:88,1
DA:89,1
DA:90,1
DA:91,1
DA:92,1
DA:93,1
DA:94,1
DA:95,1
DA:96,1
DA:97,1
DA:98,1
DA:99,1
DA:100,1
DA:101,1
DA:102,1
DA:103,1
DA:104,1
DA:105,1
DA:106,1
DA:107,1
LF:107
LH:106
BRDA:3,0,0,2
BRDA:3,1,0,1
BRDA:3,2,0,1
BRDA:3,3,0,1
BRDA:3,4,0,0
BRDA:3,5,0,1
BRDA:3,6,0,9
BRDA:3,7,0,1
BRDA:3,8,0,1
BRDA:3,9,0,0
BRDA:3,10,0,9
BRDA:3,11,0,0
BRDA:3,12,0,9
BRDA:3,13,0,0
BRDA:3,14,0,0
BRDA:3,15,0,0
BRDA:3,16,0,1
BRDA:3,17,0,0
BRDA:3,18,0,0
BRDA:3,19,0,1
BRDA:3,20,0,0
BRDA:3,21,0,1
BRDA:3,22,0,1
BRDA:3,23,0,0
BRDA:3,24,0,1
BRDA:3,25,0,0
BRDA:3,26,0,0
BRDA:3,27,0,1
BRDA:3,28,0,0
BRDA:3,29,0,0
BRDA:3,30,0,0
BRDA:3,31,0,1
BRDA:3,32,0,0
BRDA:16,33,0,1
BRF:34
BRH:18
end_of_record
TN:
SF:src\components\single\Ol.vue
FN:3,_interopRequireDefault
FN:3,_classCallCheck
FN:3,_defineProperties
FN:3,_createClass
FN:3,_toPropertyKey
FN:3,_toPrimitive
FN:3,_inherits
FN:3,_setPrototypeOf
FN:3,_setPrototypeOf
FN:3,_createSuper
FN:3,_createSuperInternal
FN:3,_possibleConstructorReturn
FN:3,_assertThisInitialized
FN:3,_isNativeReflectConstruct
FN:3,_getPrototypeOf
FN:3,_getPrototypeOf
FNF:16
FNH:13
FNDA:2,_interopRequireDefault
FNDA:4,_classCallCheck
FNDA:1,_defineProperties
FNDA:1,_createClass
FNDA:3,_toPropertyKey
FNDA:3,_toPrimitive
FNDA:1,_inherits
FNDA:1,_setPrototypeOf
FNDA:0,_setPrototypeOf
FNDA:1,_createSuper
FNDA:4,_createSuperInternal
FNDA:4,_possibleConstructorReturn
FNDA:0,_assertThisInitialized
FNDA:1,_isNativeReflectConstruct
FNDA:1,_getPrototypeOf
FNDA:0,_getPrototypeOf
DA:1,1
DA:2,1
DA:3,0
DA:4,1
DA:5,1
DA:6,1
DA:7,1
DA:8,1
DA:9,1
DA:10,1
DA:11,1
DA:12,1
DA:13,1
DA:14,1
DA:15,1
DA:16,1
DA:17,1
DA:18,1
DA:19,1
DA:20,1
DA:21,1
DA:22,1
DA:23,1
DA:24,1
DA:25,1
DA:26,1
DA:27,1
DA:28,1
DA:29,1
DA:30,1
DA:31,1
DA:32,1
DA:33,1
DA:34,1
DA:35,1
DA:36,1
DA:37,1
DA:38,1
DA:39,1
DA:40,1
DA:41,1
DA:42,1
DA:43,1
DA:44,1
DA:45,1
DA:46,1
DA:47,1
DA:48,1
DA:49,1
DA:50,1
DA:51,1
DA:52,1
DA:53,1
DA:54,1
DA:55,1
DA:56,1
DA:57,1
DA:58,1
DA:59,1
DA:60,1
DA:61,1
DA:62,1
DA:63,1
DA:64,1
DA:65,1
DA:66,1
DA:67,1
DA:68,1
DA:69,1
DA:70,1
DA:71,1
DA:72,1
DA:73,1
DA:74,1
DA:75,1
DA:76,1
DA:77,1
DA:78,1
DA:79,1
DA:80,1
DA:81,1
DA:82,1
DA:83,1
DA:84,1
DA:85,1
DA:86,1
DA:87,1
DA:88,1
DA:89,1
DA:90,1
LF:90
LH:89
BRDA:3,0,0,2
BRDA:3,1,0,1
BRDA:3,2,0,1
BRDA:3,3,0,4
BRDA:3,4,0,0
BRDA:3,5,0,1
BRDA:3,6,0,3
BRDA:3,7,0,1
BRDA:3,8,0,1
BRDA:3,9,0,0
BRDA:3,10,0,3
BRDA:3,11,0,0
BRDA:3,12,0,3
BRDA:3,13,0,0
BRDA:3,14,0,0
BRDA:3,15,0,0
BRDA:3,16,0,1
BRDA:3,17,0,0
BRDA:3,18,0,0
BRDA:3,19,0,1
BRDA:3,20,0,0
BRDA:3,21,0,1
BRDA:3,22,0,4
BRDA:3,23,0,0
BRDA:3,24,0,4
BRDA:3,25,0,0
BRDA:3,26,0,0
BRDA:3,27,0,1
BRDA:3,28,0,0
BRDA:3,29,0,0
BRDA:3,30,0,0
BRDA:3,31,0,1
BRDA:3,32,0,0
BRDA:22,33,0,1
BRF:34
BRH:18
end_of_record
TN:
SF:src\components\single\Paragraph.vue
FN:3,_interopRequireDefault
FN:3,_classCallCheck
FN:3,_defineProperties
FN:3,_createClass
FN:3,_toPropertyKey
FN:3,_toPrimitive
FN:3,_inherits
FN:3,_setPrototypeOf
FN:3,_setPrototypeOf
FN:3,_createSuper
FN:3,_createSuperInternal
FN:3,_possibleConstructorReturn
FN:3,_assertThisInitialized
FN:3,_isNativeReflectConstruct
FN:3,_getPrototypeOf
FN:3,_getPrototypeOf
FNF:16
FNH:13
FNDA:2,_interopRequireDefault
FNDA:1,_classCallCheck
FNDA:1,_defineProperties
FNDA:1,_createClass
FNDA:2,_toPropertyKey
FNDA:2,_toPrimitive
FNDA:1,_inherits
FNDA:1,_setPrototypeOf
FNDA:0,_setPrototypeOf
FNDA:1,_createSuper
FNDA:1,_createSuperInternal
FNDA:1,_possibleConstructorReturn
FNDA:0,_assertThisInitialized
FNDA:1,_isNativeReflectConstruct
FNDA:1,_getPrototypeOf
FNDA:0,_getPrototypeOf
DA:1,1
DA:2,1
DA:3,0
DA:4,1
DA:5,1
DA:6,1
DA:7,1
DA:8,1
DA:9,1
DA:10,1
DA:11,1
DA:12,1
DA:13,1
DA:14,1
DA:15,1
DA:16,1
DA:17,1
DA:18,1
DA:19,1
DA:20,1
DA:21,1
DA:22,1
DA:23,1
DA:24,1
DA:25,1
DA:26,1
DA:27,1
DA:28,1
DA:29,1
DA:30,1
DA:31,1
DA:32,1
DA:33,1
DA:34,1
DA:35,1
DA:36,1
DA:37,1
DA:38,1
DA:39,1
DA:40,1
DA:41,1
DA:42,1
DA:43,1
DA:44,1
DA:45,1
DA:46,1
DA:47,1
DA:48,1
DA:49,1
DA:50,1
DA:51,1
DA:52,1
DA:53,1
DA:54,1
DA:55,1
DA:56,1
DA:57,1
DA:58,1
DA:59,1
LF:59
LH:58
BRDA:3,0,0,2
BRDA:3,1,0,1
BRDA:3,2,0,1
BRDA:3,3,0,1
BRDA:3,4,0,0
BRDA:3,5,0,1
BRDA:3,6,0,2
BRDA:3,7,0,1
BRDA:3,8,0,1
BRDA:3,9,0,0
BRDA:3,10,0,2
BRDA:3,11,0,0
BRDA:3,12,0,2
BRDA:3,13,0,0
BRDA:3,14,0,0
BRDA:3,15,0,0
BRDA:3,16,0,1
BRDA:3,17,0,0
BRDA:3,18,0,0
BRDA:3,19,0,1
BRDA:3,20,0,0
BRDA:3,21,0,1
BRDA:3,22,0,1
BRDA:3,23,0,0
BRDA:3,24,0,1
BRDA:3,25,0,0
BRDA:3,26,0,0
BRDA:3,27,0,1
BRDA:3,28,0,0
BRDA:3,29,0,0
BRDA:3,30,0,0
BRDA:3,31,0,1
BRDA:3,32,0,0
BRDA:18,33,0,1
BRF:34
BRH:18
end_of_record
TN:
SF:src\components\single\Raw.vue
FN:3,_interopRequireDefault
FN:3,_classCallCheck
FN:3,_defineProperties
FN:3,_createClass
FN:3,_toPropertyKey
FN:3,_toPrimitive
FN:3,_inherits
FN:3,_setPrototypeOf
FN:3,_setPrototypeOf
FN:3,_createSuper
FN:3,_createSuperInternal
FN:3,_possibleConstructorReturn
FN:3,_assertThisInitialized
FN:3,_isNativeReflectConstruct
FN:3,_getPrototypeOf
FN:3,_getPrototypeOf
FNF:16
FNH:13
FNDA:2,_interopRequireDefault
FNDA:1,_classCallCheck
FNDA:1,_defineProperties
FNDA:1,_createClass
FNDA:1,_toPropertyKey
FNDA:1,_toPrimitive
FNDA:1,_inherits
FNDA:1,_setPrototypeOf
FNDA:0,_setPrototypeOf
FNDA:1,_createSuper
FNDA:1,_createSuperInternal
FNDA:1,_possibleConstructorReturn
FNDA:0,_assertThisInitialized
FNDA:1,_isNativeReflectConstruct
FNDA:1,_getPrototypeOf
FNDA:0,_getPrototypeOf
DA:1,1
DA:2,1
DA:3,0
DA:4,1
DA:5,1
DA:6,1
DA:7,1
DA:8,1
DA:9,1
DA:10,1
DA:11,1
DA:12,1
DA:13,1
DA:14,1
DA:15,1
DA:16,1
DA:17,1
DA:18,1
DA:19,1
DA:20,1
DA:21,1
DA:22,1
LF:22
LH:21
BRDA:3,0,0,2
BRDA:3,1,0,1
BRDA:3,2,0,1
BRDA:3,3,0,1
BRDA:3,4,0,0
BRDA:3,5,0,1
BRDA:3,6,0,1
BRDA:3,7,0,0
BRDA:3,8,0,1
BRDA:3,9,0,0
BRDA:3,10,0,1
BRDA:3,11,0,0
BRDA:3,12,0,0
BRDA:3,13,0,0
BRDA:3,14,0,1
BRDA:3,15,0,0
BRDA:3,16,0,0
BRDA:3,17,0,1
BRDA:3,18,0,0
BRDA:3,19,0,1
BRDA:3,20,0,1
BRDA:3,21,0,0
BRDA:3,22,0,1
BRDA:3,23,0,0
BRDA:3,24,0,0
BRDA:3,25,0,1
BRDA:3,26,0,0
BRDA:3,27,0,0
BRDA:3,28,0,0
BRDA:3,29,0,1
BRDA:3,30,0,0
BRDA:6,31,0,1
BRF:32
BRH:16
end_of_record
TN:
SF:src\components\single\Text.vue
FN:3,_interopRequireDefault
FN:3,_classCallCheck
FN:3,_defineProperties
FN:3,_createClass
FN:3,_toPropertyKey
FN:3,_toPrimitive
FN:3,_inherits
FN:3,_setPrototypeOf
FN:3,_setPrototypeOf
FN:3,_createSuper
FN:3,_createSuperInternal
FN:3,_possibleConstructorReturn
FN:3,_assertThisInitialized
FN:3,_isNativeReflectConstruct
FN:3,_getPrototypeOf
FN:3,_getPrototypeOf
FNF:16
FNH:13
FNDA:2,_interopRequireDefault
FNDA:4,_classCallCheck
FNDA:1,_defineProperties
FNDA:1,_createClass
FNDA:3,_toPropertyKey
FNDA:3,_toPrimitive
FNDA:1,_inherits
FNDA:1,_setPrototypeOf
FNDA:0,_setPrototypeOf
FNDA:1,_createSuper
FNDA:4,_createSuperInternal
FNDA:4,_possibleConstructorReturn
FNDA:0,_assertThisInitialized
FNDA:1,_isNativeReflectConstruct
FNDA:1,_getPrototypeOf
FNDA:0,_getPrototypeOf
DA:1,1
DA:2,1
DA:3,0
DA:4,1
DA:5,1
DA:6,1
DA:7,1
DA:8,1
DA:9,1
DA:10,1
DA:11,1
DA:12,1
DA:13,1
DA:14,1
DA:15,1
DA:16,1
DA:17,1
DA:18,1
DA:19,1
DA:20,1
DA:21,1
DA:22,1
DA:23,1
DA:24,1
DA:25,1
DA:26,1
DA:27,1
DA:28,1
DA:29,1
DA:30,1
DA:31,1
DA:32,1
DA:33,1
DA:34,1
DA:35,1
DA:36,1
DA:37,1
DA:38,1
DA:39,1
DA:40,1
DA:41,1
DA:42,1
DA:43,1
DA:44,1
DA:45,1
DA:46,1
DA:47,1
DA:48,1
DA:49,1
DA:50,1
DA:51,1
DA:52,1
DA:53,1
DA:54,1
DA:55,1
DA:56,1
DA:57,1
DA:58,1
DA:59,1
DA:60,1
DA:61,1
DA:62,1
DA:63,1
DA:64,1
LF:64
LH:63
BRDA:3,0,0,2
BRDA:3,1,0,1
BRDA:3,2,0,1
BRDA:3,3,0,4
BRDA:3,4,0,0
BRDA:3,5,0,1
BRDA:3,6,0,3
BRDA:3,7,0,1
BRDA:3,8,0,1
BRDA:3,9,0,0
BRDA:3,10,0,3
BRDA:3,11,0,0
BRDA:3,12,0,3
BRDA:3,13,0,0
BRDA:3,14,0,0
BRDA:3,15,0,0
BRDA:3,16,0,1
BRDA:3,17,0,0
BRDA:3,18,0,0
BRDA:3,19,0,1
BRDA:3,20,0,0
BRDA:3,21,0,1
BRDA:3,22,0,4
BRDA:3,23,0,0
BRDA:3,24,0,4
BRDA:3,25,0,0
BRDA:3,26,0,0
BRDA:3,27,0,1
BRDA:3,28,0,0
BRDA:3,29,0,0
BRDA:3,30,0,0
BRDA:3,31,0,1
BRDA:3,32,0,0
BRDA:22,33,0,1
BRF:34
BRH:18
end_of_record
TN:
SF:src\components\single\Title.vue
FN:3,_interopRequireDefault
FN:3,_classCallCheck
FN:3,_defineProperties
FN:3,_createClass
FN:3,_toPropertyKey
FN:3,_toPrimitive
FN:3,_inherits
FN:3,_setPrototypeOf
FN:3,_setPrototypeOf
FN:3,_createSuper
FN:3,_createSuperInternal
FN:3,_possibleConstructorReturn
FN:3,_assertThisInitialized
FN:3,_isNativeReflectConstruct
FN:3,_getPrototypeOf
FN:3,_getPrototypeOf
FNF:16
FNH:13
FNDA:2,_interopRequireDefault
FNDA:3,_classCallCheck
FNDA:1,_defineProperties
FNDA:1,_createClass
FNDA:2,_toPropertyKey
FNDA:2,_toPrimitive
FNDA:1,_inherits
FNDA:1,_setPrototypeOf
FNDA:0,_setPrototypeOf
FNDA:1,_createSuper
FNDA:3,_createSuperInternal
FNDA:3,_possibleConstructorReturn
FNDA:0,_assertThisInitialized
FNDA:1,_isNativeReflectConstruct
FNDA:1,_getPrototypeOf
FNDA:0,_getPrototypeOf
DA:1,1
DA:2,1
DA:3,0
DA:4,1
DA:5,1
DA:6,1
DA:7,1
DA:8,1
DA:9,1
DA:10,1
DA:11,1
DA:12,1
DA:13,1
DA:14,1
DA:15,1
DA:16,1
DA:17,1
DA:18,1
DA:19,1
DA:20,1
DA:21,1
DA:22,1
DA:23,1
DA:24,1
DA:25,1
DA:26,1
DA:27,1
DA:28,1
DA:29,1
DA:30,1
DA:31,1
DA:32,1
DA:33,1
DA:34,1
DA:35,1
DA:36,1
DA:37,1
DA:38,1
DA:39,1
DA:40,1
DA:41,1
DA:42,1
DA:43,1
DA:44,1
DA:45,1
DA:46,1
DA:47,1
DA:48,1
DA:49,1
DA:50,1
DA:51,1
DA:52,1
DA:53,1
DA:54,1
DA:55,1
DA:56,1
DA:57,1
DA:58,1
DA:59,1
LF:59
LH:58
BRDA:3,0,0,2
BRDA:3,1,0,1
BRDA:3,2,0,1
BRDA:3,3,0,3
BRDA:3,4,0,0
BRDA:3,5,0,1
BRDA:3,6,0,2
BRDA:3,7,0,1
BRDA:3,8,0,1
BRDA:3,9,0,0
BRDA:3,10,0,2
BRDA:3,11,0,0
BRDA:3,12,0,2
BRDA:3,13,0,0
BRDA:3,14,0,0
BRDA:3,15,0,0
BRDA:3,16,0,1
BRDA:3,17,0,0
BRDA:3,18,0,0
BRDA:3,19,0,1
BRDA:3,20,0,0
BRDA:3,21,0,1
BRDA:3,22,0,3
BRDA:3,23,0,0
BRDA:3,24,0,3
BRDA:3,25,0,0
BRDA:3,26,0,0
BRDA:3,27,0,1
BRDA:3,28,0,0
BRDA:3,29,0,0
BRDA:3,30,0,0
BRDA:3,31,0,1
BRDA:3,32,0,0
BRDA:15,33,0,1
BRF:34
BRH:18
end_of_record
TN:
SF:src\components\single\Ul.vue
FN:3,_interopRequireDefault
FN:3,_classCallCheck
FN:3,_defineProperties
FN:3,_createClass
FN:3,_toPropertyKey
FN:3,_toPrimitive
FN:3,_inherits
FN:3,_setPrototypeOf
FN:3,_setPrototypeOf
FN:3,_createSuper
FN:3,_createSuperInternal
FN:3,_possibleConstructorReturn
FN:3,_assertThisInitialized
FN:3,_isNativeReflectConstruct
FN:3,_getPrototypeOf
FN:3,_getPrototypeOf
FNF:16
FNH:13
FNDA:2,_interopRequireDefault
FNDA:4,_classCallCheck
FNDA:1,_defineProperties
FNDA:1,_createClass
FNDA:3,_toPropertyKey
FNDA:3,_toPrimitive
FNDA:1,_inherits
FNDA:1,_setPrototypeOf
FNDA:0,_setPrototypeOf
FNDA:1,_createSuper
FNDA:4,_createSuperInternal
FNDA:4,_possibleConstructorReturn
FNDA:0,_assertThisInitialized
FNDA:1,_isNativeReflectConstruct
FNDA:1,_getPrototypeOf
FNDA:0,_getPrototypeOf
DA:1,1
DA:2,1
DA:3,0
DA:4,1
DA:5,1
DA:6,1
DA:7,1
DA:8,1
DA:9,1
DA:10,1
DA:11,1
DA:12,1
DA:13,1
DA:14,1
DA:15,1
DA:16,1
DA:17,1
DA:18,1
DA:19,1
DA:20,1
DA:21,1
DA:22,1
DA:23,1
DA:24,1
DA:25,1
DA:26,1
DA:27,1
DA:28,1
DA:29,1
DA:30,1
DA:31,1
DA:32,1
DA:33,1
DA:34,1
DA:35,1
DA:36,1
DA:37,1
DA:38,1
DA:39,1
DA:40,1
DA:41,1
DA:42,1
DA:43,1
DA:44,1
DA:45,1
DA:46,1
DA:47,1
DA:48,1
DA:49,1
DA:50,1
DA:51,1
DA:52,1
DA:53,1
DA:54,1
DA:55,1
DA:56,1
DA:57,1
DA:58,1
DA:59,1
DA:60,1
DA:61,1
DA:62,1
DA:63,1
DA:64,1
DA:65,1
DA:66,1
DA:67,1
DA:68,1
DA:69,1
DA:70,1
DA:71,1
DA:72,1
DA:73,1
DA:74,1
DA:75,1
DA:76,1
DA:77,1
DA:78,1
DA:79,1
DA:80,1
DA:81,1
DA:82,1
DA:83,1
DA:84,1
DA:85,1
DA:86,1
DA:87,1
DA:88,1
LF:88
LH:87
BRDA:3,0,0,2
BRDA:3,1,0,1
BRDA:3,2,0,1
BRDA:3,3,0,4
BRDA:3,4,0,0
BRDA:3,5,0,1
BRDA:3,6,0,3
BRDA:3,7,0,1
BRDA:3,8,0,1
BRDA:3,9,0,0
BRDA:3,10,0,3
BRDA:3,11,0,0
BRDA:3,12,0,3
BRDA:3,13,0,0
BRDA:3,14,0,0
BRDA:3,15,0,0
BRDA:3,16,0,1
BRDA:3,17,0,0
BRDA:3,18,0,0
BRDA:3,19,0,1
BRDA:3,20,0,0
BRDA:3,21,0,1
BRDA:3,22,0,4
BRDA:3,23,0,0
BRDA:3,24,0,4
BRDA:3,25,0,0
BRDA:3,26,0,0
BRDA:3,27,0,1
BRDA:3,28,0,0
BRDA:3,29,0,0
BRDA:3,30,0,0
BRDA:3,31,0,1
BRDA:3,32,0,0
BRDA:22,33,0,1
BRF:34
BRH:18
end_of_record
TN:
SF:src\components\single\Url.vue
FN:3,_interopRequireDefault
FN:3,_classCallCheck
FN:3,_defineProperties
FN:3,_createClass
FN:3,_toPropertyKey
FN:3,_toPrimitive
FN:3,_inherits
FN:3,_setPrototypeOf
FN:3,_setPrototypeOf
FN:3,_createSuper
FN:3,_createSuperInternal
FN:3,_possibleConstructorReturn
FN:3,_assertThisInitialized
FN:3,_isNativeReflectConstruct
FN:3,_getPrototypeOf
FN:3,_getPrototypeOf
FNF:16
FNH:13
FNDA:2,_interopRequireDefault
FNDA:1,_classCallCheck
FNDA:1,_defineProperties
FNDA:1,_createClass
FNDA:3,_toPropertyKey
FNDA:3,_toPrimitive
FNDA:1,_inherits
FNDA:1,_setPrototypeOf
FNDA:0,_setPrototypeOf
FNDA:1,_createSuper
FNDA:1,_createSuperInternal
FNDA:1,_possibleConstructorReturn
FNDA:0,_assertThisInitialized
FNDA:1,_isNativeReflectConstruct
FNDA:1,_getPrototypeOf
FNDA:0,_getPrototypeOf
DA:1,1
DA:2,1
DA:3,0
DA:4,1
DA:5,1
DA:6,1
DA:7,1
DA:8,1
DA:9,1
DA:10,1
DA:11,1
DA:12,1
DA:13,1
DA:14,1
DA:15,1
DA:16,1
DA:17,1
DA:18,1
DA:19,1
DA:20,1
DA:21,1
DA:22,1
DA:23,1
DA:24,1
DA:25,1
DA:26,1
DA:27,1
DA:28,1
DA:29,1
DA:30,1
DA:31,1
DA:32,1
DA:33,1
DA:34,1
DA:35,1
DA:36,1
DA:37,1
DA:38,1
DA:39,1
DA:40,1
DA:41,1
DA:42,1
DA:43,1
DA:44,1
DA:45,1
DA:46,1
DA:47,1
DA:48,1
DA:49,1
DA:50,1
DA:51,1
DA:52,1
DA:53,1
DA:54,1
DA:55,1
DA:56,1
DA:57,1
DA:58,1
DA:59,1
DA:60,1
DA:61,1
DA:62,1
DA:63,1
DA:64,1
DA:65,1
DA:66,1
DA:67,1
LF:67
LH:66
BRDA:3,0,0,2
BRDA:3,1,0,1
BRDA:3,2,0,1
BRDA:3,3,0,1
BRDA:3,4,0,0
BRDA:3,5,0,1
BRDA:3,6,0,3
BRDA:3,7,0,1
BRDA:3,8,0,1
BRDA:3,9,0,0
BRDA:3,10,0,3
BRDA:3,11,0,0
BRDA:3,12,0,3
BRDA:3,13,0,0
BRDA:3,14,0,0
BRDA:3,15,0,0
BRDA:3,16,0,1
BRDA:3,17,0,0
BRDA:3,18,0,0
BRDA:3,19,0,1
BRDA:3,20,0,0
BRDA:3,21,0,1
BRDA:3,22,0,1
BRDA:3,23,0,0
BRDA:3,24,0,1
BRDA:3,25,0,0
BRDA:3,26,0,0
BRDA:3,27,0,1
BRDA:3,28,0,0
BRDA:3,29,0,0
BRDA:3,30,0,0
BRDA:3,31,0,1
BRDA:3,32,0,0
BRDA:22,33,0,1
BRF:34
BRH:18
end_of_record
